23:22:45.987 [main] INFO  bdd.RunnerPutGet - Ejecutando nuestra prueba de API casos PUT-GET RETO NTTDATA CFLORES
23:22:46.397 [main] DEBUG com.intuit.karate.Suite - [config] classpath:karate-config.js
23:22:47.491 [pool-1-thread-2] DEBUG com.intuit.karate - request:
1 > GET https://petstore.swagger.io/v2/pet/findByStatus?status=sold
1 > Accept: application/json
1 > 'Content-Type': application/json
1 > Host: petstore.swagger.io
1 > Connection: Keep-Alive
1 > User-Agent: Apache-HttpClient/4.5.13 (Java/21.0.5)
1 > Accept-Encoding: gzip,deflate


23:22:47.491 [pool-1-thread-1] DEBUG com.intuit.karate - request:
1 > PUT https://petstore.swagger.io/v2/pet
1 > Accept: application/json
1 > 'Content-Type': application/json
1 > Content-Type: application/json; charset=UTF-8
1 > Content-Length: 151
1 > Host: petstore.swagger.io
1 > Connection: Keep-Alive
1 > User-Agent: Apache-HttpClient/4.5.13 (Java/21.0.5)
1 > Accept-Encoding: gzip,deflate
{"id":2123,"category":{"id":2123,"name":"#(name1)"},"name":"doggie","photoUrls":["string"],"tags":[{"id":2123,"name":"#(name1)"}],"status":"#(status)"}

23:22:48.352 [pool-1-thread-1] DEBUG com.intuit.karate - response time in milliseconds: 858
1 < 200
1 < Date: Sat, 03 May 2025 04:22:47 GMT
1 < Content-Type: application/json
1 < Transfer-Encoding: chunked
1 < Connection: keep-alive
1 < Access-Control-Allow-Origin: *
1 < Access-Control-Allow-Methods: GET, POST, DELETE, PUT
1 < Access-Control-Allow-Headers: Content-Type, api_key, Authorization
1 < Server: Jetty(9.2.9.v20150224)
{"id":2123,"category":{"id":2123,"name":"#(name1)"},"name":"doggie","photoUrls":["string"],"tags":[{"id":2123,"name":"#(name1)"}],"status":"#(status)"}

23:22:48.352 [pool-1-thread-2] DEBUG com.intuit.karate - response time in milliseconds: 861
1 < 200
1 < Date: Sat, 03 May 2025 04:22:47 GMT
1 < Content-Type: application/json
1 < Transfer-Encoding: chunked
1 < Connection: keep-alive
1 < Access-Control-Allow-Origin: *
1 < Access-Control-Allow-Methods: GET, POST, DELETE, PUT
1 < Access-Control-Allow-Headers: Content-Type, api_key, Authorization
1 < Server: Jetty(9.2.9.v20150224)
[{"id":9223372036854751319,"category":{"id":0,"name":"Test"},"name":"TempPet","photoUrls":[],"tags":[],"status":"sold"},{"id":9223372036854751405,"category":{"id":0,"name":"Test"},"name":"TempPet","photoUrls":[],"tags":[],"status":"sold"},{"id":9223372036854751488,"category":{"id":0,"name":"Test"},"name":"TempPet","photoUrls":[],"tags":[],"status":"sold"},{"id":9223372036854751492,"category":{"id":0,"name":"Test"},"name":"TempPet","photoUrls":[],"tags":[],"status":"sold"},{"id":9223372036854751545,"category":{"id":0,"name":"Test"},"name":"TempPet","photoUrls":[],"tags":[],"status":"sold"},{"id":13,"category":{"id":0,"name":"cats"},"photoUrls":["string"],"tags":[{"id":0,"name":"string"}],"status":"sold"},{"id":9223372036854752089,"category":{"id":83089521,"name":"aute"},"name":"doggie","photoUrls":["esse ea dese","proident sunt non"],"tags":[{"id":-7333794,"name":"deserunt reprehenderit"},{"id":-49874740,"name":"consequat aliqua magna officia"}],"status":"sold"}]

23:22:48.360 [pool-1-thread-1] INFO  com.intuit.karate - [print] {
  "id": 2123,
  "category": {
    "id": 2123,
    "name": "#(name1)"
  },
  "name": "doggie",
  "photoUrls": [
    "string"
  ],
  "tags": [
    {
      "id": 2123,
      "name": "#(name1)"
    }
  ],
  "status": "#(status)"
}
 
23:22:48.360 [pool-1-thread-2] INFO  com.intuit.karate - [print] [
  {
    "id": 9223372036854751319,
    "category": {
      "id": 0,
      "name": "Test"
    },
    "name": "TempPet",
    "photoUrls": [
    ],
    "tags": [
    ],
    "status": "sold"
  },
  {
    "id": 9223372036854751405,
    "category": {
      "id": 0,
      "name": "Test"
    },
    "name": "TempPet",
    "photoUrls": [
    ],
    "tags": [
    ],
    "status": "sold"
  },
  {
    "id": 9223372036854751488,
    "category": {
      "id": 0,
      "name": "Test"
    },
    "name": "TempPet",
    "photoUrls": [
    ],
    "tags": [
    ],
    "status": "sold"
  },
  {
    "id": 9223372036854751492,
    "category": {
      "id": 0,
      "name": "Test"
    },
    "name": "TempPet",
    "photoUrls": [
    ],
    "tags": [
    ],
    "status": "sold"
  },
  {
    "id": 9223372036854751545,
    "category": {
      "id": 0,
      "name": "Test"
    },
    "name": "TempPet",
    "photoUrls": [
    ],
    "tags": [
    ],
    "status": "sold"
  },
  {
    "id": 13,
    "category": {
      "id": 0,
      "name": "cats"
    },
    "photoUrls": [
      "string"
    ],
    "tags": [
      {
        "id": 0,
        "name": "string"
      }
    ],
    "status": "sold"
  },
  {
    "id": 9223372036854752089,
    "category": {
      "id": 83089521,
      "name": "aute"
    },
    "name": "doggie",
    "photoUrls": [
      "esse ea dese",
      "proident sunt non"
    ],
    "tags": [
      {
        "id": -7333794,
        "name": "deserunt reprehenderit"
      },
      {
        "id": -49874740,
        "name": "consequat aliqua magna officia"
      }
    ],
    "status": "sold"
  }
]
 
23:22:48.981 [pool-2-thread-1] INFO  com.intuit.karate.Suite - <<pass>> feature 1 of 1 (0 remaining) classpath:bdd/product/PetStorePut-Get.feature
